\BOOKMARK [1][-]{section.1}{\376\377\133\236\232\214\166\356\166\204}{}% 1
\BOOKMARK [1][-]{section.2}{\376\377\133\236\232\214\123\237\164\006}{}% 2
\BOOKMARK [2][-]{subsection.2.1}{\376\377\124\310\136\014\210\150}{section.2}% 3
\BOOKMARK [2][-]{subsection.2.2}{\376\377\176\242\236\321\150\021\162\171\140\047\116\016\144\315\117\134}{section.2}% 4
\BOOKMARK [3][-]{subsubsection.2.2.1}{\376\377\145\313\217\154\144\315\117\134\133\236\163\260}{subsection.2.2}% 5
\BOOKMARK [3][-]{subsubsection.2.2.2}{\376\377\143\322\121\145\144\315\117\134\213\346\211\343}{subsection.2.2}% 6
\BOOKMARK [3][-]{subsubsection.2.2.3}{\376\377\122\040\226\144\144\315\117\134\213\346\211\343}{subsection.2.2}% 7
\BOOKMARK [1][-]{section.3}{\376\377\133\236\232\214\163\257\130\203}{}% 8
\BOOKMARK [2][-]{subsection.3.1}{\376\377\170\154\116\366\163\257\130\203}{section.3}% 9
\BOOKMARK [2][-]{subsection.3.2}{\376\377\217\157\116\366\163\257\130\203}{section.3}% 10
\BOOKMARK [2][-]{subsection.3.3}{\376\377\155\113\213\325\163\257\130\203\221\115\177\156}{section.3}% 11
\BOOKMARK [2][-]{subsection.3.4}{\376\377\137\000\123\321\135\345\121\167\116\313\176\315}{section.3}% 12
\BOOKMARK [3][-]{subsubsection.3.4.1}{\376\377\177\026\213\321\126\150\220\011\142\351}{subsection.3.4}% 13
\BOOKMARK [3][-]{subsubsection.3.4.2}{\376\377\214\003\213\325\135\345\121\167}{subsection.3.4}% 14
\BOOKMARK [3][-]{subsubsection.3.4.3}{\376\377\162\110\147\054\143\247\122\066}{subsection.3.4}% 15
\BOOKMARK [1][-]{section.4}{\376\377\133\236\232\214\121\205\133\271\116\016\153\145\232\244}{}% 16
\BOOKMARK [2][-]{subsection.4.1}{\376\377\213\276\213\241\140\035\215\357}{section.4}% 17
\BOOKMARK [3][-]{subsubsection.4.1.1}{\376\377\145\160\143\156\176\323\147\204\220\011\142\351}{subsection.4.1}% 18
\BOOKMARK [3][-]{subsubsection.4.1.2}{\376\377\124\310\136\014\121\375\145\160\213\276\213\241}{subsection.4.1}% 19
\BOOKMARK [2][-]{subsection.4.2}{\376\377\124\310\136\014\210\150\142\151\133\271\147\072\122\066}{section.4}% 20
\BOOKMARK [2][-]{subsection.4.3}{\376\377\210\305\217\175\126\340\133\120\117\030\123\026}{section.4}% 21
\BOOKMARK [2][-]{subsection.4.4}{\376\377\145\160\143\156\176\323\147\204\213\276\213\241}{section.4}% 22
\BOOKMARK [2][-]{subsection.4.5}{\376\377\150\070\137\303\173\227\154\325\133\236\163\260}{section.4}% 23
\BOOKMARK [2][-]{subsection.4.6}{\376\377\124\310\136\014\210\150\116\016\176\242\236\321\150\021\176\323\124\010\133\236\163\260\122\006\147\220}{section.4}% 24
\BOOKMARK [3][-]{subsubsection.4.6.1}{\376\377\213\276\213\241\117\030\122\277}{subsection.4.6}% 25
\BOOKMARK [3][-]{subsubsection.4.6.2}{\376\377\133\236\163\260\226\276\160\271}{subsection.4.6}% 26
\BOOKMARK [3][-]{subsubsection.4.6.3}{\376\377\140\047\200\375\147\103\210\141}{subsection.4.6}% 27
\BOOKMARK [1][-]{section.5}{\376\377\133\236\232\214\176\323\147\234\116\016\122\006\147\220}{}% 28
\BOOKMARK [2][-]{subsection.5.1}{\376\377\145\366\225\364\131\015\147\102\136\246\122\006\147\220}{section.5}% 29
\BOOKMARK [3][-]{subsubsection.5.1.1}{\376\377\145\160\133\146\122\006\147\220}{subsection.5.1}% 30
\BOOKMARK [3][-]{subsubsection.5.1.2}{\376\377\140\047\200\375\155\113\213\325\176\323\147\234}{subsection.5.1}% 31
\BOOKMARK [3][-]{subsubsection.5.1.3}{\376\377\143\322\121\145\144\315\117\134}{subsection.5.1}% 32
\BOOKMARK [3][-]{subsubsection.5.1.4}{\376\377\122\040\226\144\144\315\117\134}{subsection.5.1}% 33
\BOOKMARK [3][-]{subsubsection.5.1.5}{\376\377\147\345\142\176\144\315\117\134}{subsection.5.1}% 34
\BOOKMARK [2][-]{subsection.5.2}{\376\377\172\172\225\364\131\015\147\102\136\246\122\006\147\220}{section.5}% 35
\BOOKMARK [2][-]{subsection.5.3}{\376\377\116\016\000A\000V\000L\150\021\133\371\153\324}{section.5}% 36
\BOOKMARK [3][-]{subsubsection.5.3.1}{\376\377\213\346\176\306\133\371\153\324\122\006\147\220}{subsection.5.3}% 37
\BOOKMARK [2][-]{subsection.5.4}{\376\377\155\113\213\325\165\050\117\213}{section.5}% 38
\BOOKMARK [3][-]{subsubsection.5.4.1}{\376\377\127\372\147\054\122\237\200\375\155\113\213\325}{subsection.5.4}% 39
\BOOKMARK [3][-]{subsubsection.5.4.2}{\376\377\217\271\165\114\147\141\116\366\155\113\213\325}{subsection.5.4}% 40
\BOOKMARK [3][-]{subsubsection.5.4.3}{\376\377\140\047\200\375\155\113\213\325}{subsection.5.4}% 41
\BOOKMARK [3][-]{subsubsection.5.4.4}{\376\377\124\310\136\014\121\262\172\201\155\113\213\325}{subsection.5.4}% 42
\BOOKMARK [2][-]{subsection.5.5}{\376\377\155\113\213\325\176\323\147\234\213\346\176\306\122\006\147\220}{section.5}% 43
\BOOKMARK [3][-]{subsubsection.5.5.1}{\376\377\122\237\200\375\153\143\170\156\140\047\232\214\213\301}{subsection.5.5}% 44
\BOOKMARK [3][-]{subsubsection.5.5.2}{\376\377\140\047\200\375\127\372\121\306\155\113\213\325}{subsection.5.5}% 45
\BOOKMARK [3][-]{subsubsection.5.5.3}{\376\377\217\271\165\114\147\141\116\366\155\113\213\325\176\323\147\234}{subsection.5.5}% 46
\BOOKMARK [2][-]{subsection.5.6}{\376\377\155\113\213\325\145\160\143\156\116\016\217\223\121\372\176\323\147\234}{section.5}% 47
\BOOKMARK [3][-]{subsubsection.5.6.1}{\376\377\217\223\121\145\145\160\143\156}{subsection.5.6}% 48
\BOOKMARK [3][-]{subsubsection.5.6.2}{\376\377\217\223\121\372\137\142\137\017}{subsection.5.6}% 49
\BOOKMARK [3][-]{subsubsection.5.6.3}{\376\377\155\113\213\325\176\323\147\234}{subsection.5.6}% 50
\BOOKMARK [2][-]{subsection.5.7}{\376\377\176\323\147\234\122\006\147\220}{section.5}% 51
\BOOKMARK [1][-]{section.6}{\376\377\133\236\232\214\140\073\176\323\116\016\117\030\123\026\136\372\213\256}{}% 52
\BOOKMARK [2][-]{subsection.6.1}{\376\377\133\236\232\214\140\073\176\323}{section.6}% 53
\BOOKMARK [3][-]{subsubsection.6.1.1}{\376\377\164\006\213\272\116\016\133\236\215\365\176\323\124\010}{subsection.6.1}% 54
\BOOKMARK [3][-]{subsubsection.6.1.2}{\376\377\145\160\143\156\176\323\147\204\213\276\213\241\145\271\227\142}{subsection.6.1}% 55
\BOOKMARK [3][-]{subsubsection.6.1.3}{\376\377\133\236\163\260\176\306\202\202\145\271\227\142}{subsection.6.1}% 56
\BOOKMARK [3][-]{subsubsection.6.1.4}{\376\377\140\047\200\375\122\006\147\220\145\271\227\142}{subsection.6.1}% 57
\BOOKMARK [2][-]{subsection.6.2}{\376\377\117\030\123\026\136\372\213\256}{section.6}% 58
\BOOKMARK [3][-]{subsubsection.6.2.1}{\376\377\121\205\133\130\173\241\164\006\117\030\123\026}{subsection.6.2}% 59
\BOOKMARK [3][-]{subsubsection.6.2.2}{\376\377\136\166\123\321\213\277\225\356\117\030\123\026}{subsection.6.2}% 60
\BOOKMARK [3][-]{subsubsection.6.2.3}{\376\377\173\227\154\325\117\030\123\026}{subsection.6.2}% 61
\BOOKMARK [3][-]{subsubsection.6.2.4}{\376\377\135\345\172\013\117\030\123\026}{subsection.6.2}% 62
\BOOKMARK [3][-]{subsubsection.6.2.5}{\376\377\147\052\147\145\135\345\117\134}{subsection.6.2}% 63
\BOOKMARK [3][-]{subsubsection.6.2.6}{\376\377\142\200\147\057\123\321\134\125\215\213\122\277}{subsection.6.2}% 64
\BOOKMARK [2][-]{subsection.6.3}{\376\377\133\236\226\105\136\224\165\050\127\072\146\157}{section.6}% 65
\BOOKMARK [3][-]{subsubsection.6.3.1}{\376\377\145\160\143\156\136\223\175\042\137\025}{subsection.6.3}% 66
\BOOKMARK [3][-]{subsubsection.6.3.2}{\376\377\144\315\117\134\174\373\176\337\121\205\150\070}{subsection.6.3}% 67
\BOOKMARK [3][-]{subsubsection.6.3.3}{\376\377\177\121\176\334\177\026\172\013}{subsection.6.3}% 68
\BOOKMARK [2][-]{subsection.6.4}{\376\377\140\047\200\375\214\003\117\030\133\236\215\365}{section.6}% 69
\BOOKMARK [3][-]{subsubsection.6.4.1}{\376\377\177\023\133\130\123\313\131\175\140\047\117\030\123\026}{subsection.6.4}% 70
\BOOKMARK [3][-]{subsubsection.6.4.2}{\376\377\173\227\154\325\131\015\147\102\136\246\122\006\147\220}{subsection.6.4}% 71
\BOOKMARK [3][-]{subsubsection.6.4.3}{\376\377\174\373\176\337\215\104\156\220\166\321\143\247}{subsection.6.4}% 72
\BOOKMARK [2][-]{subsection.6.5}{\376\377\133\236\232\214\140\073\176\323\116\016\117\123\117\032}{section.6}% 73
\BOOKMARK [3][-]{subsubsection.6.5.1}{\376\377\133\236\232\214\117\123\117\032}{subsection.6.5}% 74
\BOOKMARK [3][-]{subsubsection.6.5.2}{\376\377\147\054\133\236\232\214\166\204\117\030\177\072\160\271\122\006\147\220}{subsection.6.5}% 75
\BOOKMARK [3][-]{subsubsection.6.5.3}{\376\377\145\160\143\156\133\130\120\250\176\323\147\204\162\171\160\271\122\006\147\220}{subsection.6.5}% 76
\BOOKMARK [3][-]{subsubsection.6.5.4}{\376\377\116\016\121\166\116\326\133\130\120\250\176\323\147\204\166\204\153\324\217\203}{subsection.6.5}% 77
\BOOKMARK [3][-]{subsubsection.6.5.5}{\376\377\133\236\226\105\136\224\165\050\116\367\120\074}{subsection.6.5}% 78
\BOOKMARK [3][-]{subsubsection.6.5.6}{\376\377\133\371\145\160\143\156\176\323\147\204\213\276\213\241\166\204\140\035\200\003}{subsection.6.5}% 79
\BOOKMARK [1][-]{section.7}{\376\377\226\104\137\125\377\032\156\220\116\343\170\001}{}% 80
\BOOKMARK [2][-]{subsection.7.1}{\376\377\000m\000a\000i\000n\000.\000c\000p\000p}{section.7}% 81
\BOOKMARK [2][-]{subsection.7.2}{\376\377\000R\000B\000T\000r\000e\000e\000\137\000H\000a\000s\000h\000.\000h}{section.7}% 82
\BOOKMARK [2][-]{subsection.7.3}{\376\377\000R\000B\000T\000r\000e\000e\000\137\000H\000a\000s\000h\000.\000c\000p\000p}{section.7}% 83
