[2025-10-27 21:20:58][INFO] Bank system initialized with initial money: 10000, close time: 600
[2025-10-27 21:20:58][INFO] Bank simulation started
[2025-10-27 21:20:58][INFO] Initial money: 10000
[2025-10-27 21:20:58][INFO] Close time: 600
[2025-10-27 21:20:58][INFO] ========================
[2025-10-27 21:20:58][INFO] Time 0: Customer 0 arrived, transaction amount 1465, service time 8
[2025-10-27 21:20:58][INFO] Time 5: Customer 1 arrived, transaction amount -225, service time 17
[2025-10-27 21:20:58][INFO] Time 9: Customer 2 arrived, transaction amount 3511, service time 17
[2025-10-27 21:20:58][INFO] Time 19: Customer 3 arrived, transaction amount -1766, service time 8
[2025-10-27 21:20:58][INFO] Time 23: Customer 4 arrived, transaction amount 3513, service time 20
[2025-10-27 21:20:58][INFO] Time 32: Customer 5 arrived, transaction amount 4302, service time 12
[2025-10-27 21:20:58][INFO] Time 40: Customer 6 arrived, transaction amount 687, service time 8
[2025-10-27 21:20:58][INFO] Time 41: Customer 7 arrived, transaction amount 4046, service time 14
[2025-10-27 21:20:58][INFO] Time 51: Customer 8 arrived, transaction amount -1088, service time 15
[2025-10-27 21:20:58][INFO] Time 53: Customer 9 arrived, transaction amount 584, service time 11
[2025-10-27 21:20:58][INFO] Time 57: Customer 10 arrived, transaction amount 1234, service time 3
[2025-10-27 21:20:58][INFO] Time 58: Customer 11 arrived, transaction amount -4941, service time 18
[2025-10-27 21:20:58][INFO] Time 67: Customer 12 arrived, transaction amount 3203, service time 13
[2025-10-27 21:20:58][INFO] Time 71: Customer 13 arrived, transaction amount 507, service time 2
[2025-10-27 21:20:58][INFO] Time 72: Customer 14 arrived, transaction amount 2913, service time 15
[2025-10-27 21:20:58][INFO] Time 76: Customer 15 arrived, transaction amount -2614, service time 5
[2025-10-27 21:20:58][INFO] Time 77: Customer 16 arrived, transaction amount -3264, service time 12
[2025-10-27 21:20:58][INFO] Time 82: Customer 17 arrived, transaction amount -1340, service time 12
[2025-10-27 21:20:58][INFO] Time 86: Customer 18 arrived, transaction amount -561, service time 13
[2025-10-27 21:20:58][INFO] Time 94: Customer 19 arrived, transaction amount 110, service time 17
[2025-10-27 21:20:58][INFO] Time 103: Customer 20 arrived, transaction amount 4656, service time 12
[2025-10-27 21:20:58][INFO] Time 109: Customer 21 arrived, transaction amount -4459, service time 12
[2025-10-27 21:20:58][INFO] Time 119: Customer 22 arrived, transaction amount 1679, service time 12
[2025-10-27 21:20:58][INFO] Time 121: Customer 23 arrived, transaction amount -942, service time 17
[2025-10-27 21:20:58][INFO] Time 122: Customer 24 arrived, transaction amount -4650, service time 8
[2025-10-27 21:20:58][INFO] Time 124: Customer 25 arrived, transaction amount 2701, service time 13
[2025-10-27 21:20:58][INFO] Time 130: Customer 26 arrived, transaction amount -3704, service time 3
[2025-10-27 21:20:58][INFO] Time 137: Customer 27 arrived, transaction amount -2466, service time 9
[2025-10-27 21:20:58][INFO] Time 138: Customer 28 arrived, transaction amount -3071, service time 3
[2025-10-27 21:20:58][INFO] Time 140: Customer 29 arrived, transaction amount 832, service time 2
[2025-10-27 21:20:58][INFO] Time 144: Customer 30 arrived, transaction amount 1872, service time 10
[2025-10-27 21:20:58][INFO] Time 151: Customer 31 arrived, transaction amount -3485, service time 6
[2025-10-27 21:20:58][INFO] Time 152: Customer 32 arrived, transaction amount -465, service time 17
[2025-10-27 21:20:58][INFO] Time 157: Customer 33 arrived, transaction amount 1601, service time 9
[2025-10-27 21:20:58][INFO] Time 160: Customer 34 arrived, transaction amount 3788, service time 11
[2025-10-27 21:20:58][INFO] Time 169: Customer 35 arrived, transaction amount -1076, service time 4
[2025-10-27 21:20:58][INFO] Time 176: Customer 36 arrived, transaction amount 3075, service time 19
[2025-10-27 21:20:58][INFO] Time 185: Customer 37 arrived, transaction amount -4838, service time 7
[2025-10-27 21:20:58][INFO] Time 188: Customer 38 arrived, transaction amount 2076, service time 10
[2025-10-27 21:20:58][INFO] Time 197: Customer 39 arrived, transaction amount -116, service time 1
[2025-10-27 21:20:58][INFO] Time 200: Customer 40 arrived, transaction amount -4752, service time 6
[2025-10-27 21:20:58][INFO] Time 208: Customer 41 arrived, transaction amount 3326, service time 13
[2025-10-27 21:20:58][INFO] Time 215: Customer 42 arrived, transaction amount -3668, service time 13
[2025-10-27 21:20:58][INFO] Time 223: Customer 43 arrived, transaction amount 3549, service time 20
[2025-10-27 21:20:58][INFO] Time 228: Customer 44 arrived, transaction amount 481, service time 14
[2025-10-27 21:20:58][INFO] Time 229: Customer 45 arrived, transaction amount -3878, service time 2
[2025-10-27 21:20:58][INFO] Time 238: Customer 46 arrived, transaction amount 1778, service time 20
[2025-10-27 21:20:58][INFO] Time 239: Customer 47 arrived, transaction amount 1343, service time 9
[2025-10-27 21:20:58][INFO] Time 240: Customer 48 arrived, transaction amount -1524, service time 11
[2025-10-27 21:20:58][INFO] Time 246: Customer 49 arrived, transaction amount -1304, service time 11
[2025-10-27 21:20:58][INFO] Time 256: Customer 50 arrived, transaction amount -2888, service time 5
[2025-10-27 21:20:58][INFO] Time 263: Customer 51 arrived, transaction amount 4460, service time 4
[2025-10-27 21:20:58][INFO] Time 271: Customer 52 arrived, transaction amount 1279, service time 1
[2025-10-27 21:20:58][INFO] Time 278: Customer 53 arrived, transaction amount -4674, service time 18
[2025-10-27 21:20:58][INFO] Time 282: Customer 54 arrived, transaction amount -418, service time 4
[2025-10-27 21:20:58][INFO] Time 287: Customer 55 arrived, transaction amount -3447, service time 14
[2025-10-27 21:20:58][INFO] Time 297: Customer 56 arrived, transaction amount 3941, service time 4
[2025-10-27 21:20:58][INFO] Time 303: Customer 57 arrived, transaction amount 1962, service time 4
[2025-10-27 21:20:58][INFO] Time 309: Customer 58 arrived, transaction amount -4692, service time 6
[2025-10-27 21:20:58][INFO] Time 316: Customer 59 arrived, transaction amount -4091, service time 1
[2025-10-27 21:20:58][INFO] Time 326: Customer 60 arrived, transaction amount -404, service time 2
[2025-10-27 21:20:58][INFO] Time 334: Customer 61 arrived, transaction amount -4602, service time 19
[2025-10-27 21:20:58][INFO] Time 343: Customer 62 arrived, transaction amount -4091, service time 8
[2025-10-27 21:20:58][INFO] Time 349: Customer 63 arrived, transaction amount 4586, service time 14
[2025-10-27 21:20:58][INFO] Time 351: Customer 64 arrived, transaction amount 1264, service time 9
[2025-10-27 21:20:58][INFO] Time 354: Customer 65 arrived, transaction amount 2574, service time 3
[2025-10-27 21:20:58][INFO] Time 361: Customer 66 arrived, transaction amount 4597, service time 5
[2025-10-27 21:20:58][INFO] Time 371: Customer 67 arrived, transaction amount -3515, service time 20
[2025-10-27 21:20:58][INFO] Time 373: Customer 68 arrived, transaction amount -2677, service time 7
[2025-10-27 21:20:58][INFO] Time 380: Customer 69 arrived, transaction amount -4734, service time 3
[2025-10-27 21:20:58][INFO] Time 383: Customer 70 arrived, transaction amount -2646, service time 4
[2025-10-27 21:20:58][INFO] Time 385: Customer 71 arrived, transaction amount 1679, service time 11
[2025-10-27 21:20:58][INFO] Time 392: Customer 72 arrived, transaction amount -1277, service time 1
[2025-10-27 21:20:58][INFO] Time 394: Customer 73 arrived, transaction amount 898, service time 6
[2025-10-27 21:20:58][INFO] Time 400: Customer 74 arrived, transaction amount -4328, service time 9
[2025-10-27 21:20:58][INFO] Time 403: Customer 75 arrived, transaction amount 686, service time 11
[2025-10-27 21:20:58][INFO] Time 408: Customer 76 arrived, transaction amount -4020, service time 9
[2025-10-27 21:20:58][INFO] Time 416: Customer 77 arrived, transaction amount 492, service time 19
[2025-10-27 21:20:58][INFO] Time 424: Customer 78 arrived, transaction amount -516, service time 20
[2025-10-27 21:20:58][INFO] Time 426: Customer 79 arrived, transaction amount -1410, service time 18
[2025-10-27 21:20:58][INFO] Time 434: Customer 80 arrived, transaction amount 1506, service time 20
[2025-10-27 21:20:58][INFO] Time 439: Customer 81 arrived, transaction amount 2501, service time 14
[2025-10-27 21:20:58][INFO] Time 442: Customer 82 arrived, transaction amount -43, service time 10
[2025-10-27 21:20:58][INFO] Time 447: Customer 83 arrived, transaction amount 2309, service time 14
[2025-10-27 21:20:58][INFO] Time 452: Customer 84 arrived, transaction amount -1195, service time 1
[2025-10-27 21:20:58][INFO] Time 462: Customer 85 arrived, transaction amount -3817, service time 4
[2025-10-27 21:20:58][INFO] Time 464: Customer 86 arrived, transaction amount -4002, service time 10
[2025-10-27 21:20:58][INFO] Time 470: Customer 87 arrived, transaction amount -2811, service time 8
[2025-10-27 21:20:58][INFO] Time 471: Customer 88 arrived, transaction amount -2203, service time 7
[2025-10-27 21:20:58][INFO] Time 475: Customer 89 arrived, transaction amount -1870, service time 18
[2025-10-27 21:20:58][INFO] Time 484: Customer 90 arrived, transaction amount -901, service time 5
[2025-10-27 21:20:58][INFO] Time 493: Customer 91 arrived, transaction amount -2544, service time 2
[2025-10-27 21:20:58][INFO] Time 503: Customer 92 arrived, transaction amount 1442, service time 14
[2025-10-27 21:20:58][INFO] Time 504: Customer 93 arrived, transaction amount -4798, service time 20
[2025-10-27 21:20:58][INFO] Time 505: Customer 94 arrived, transaction amount -2756, service time 14
[2025-10-27 21:20:58][INFO] Time 513: Customer 95 arrived, transaction amount 4909, service time 16
[2025-10-27 21:20:58][INFO] Time 521: Customer 96 arrived, transaction amount -4232, service time 7
[2025-10-27 21:20:58][INFO] Time 529: Customer 97 arrived, transaction amount 500, service time 5
[2025-10-27 21:20:58][INFO] Time 535: Customer 98 arrived, transaction amount 588, service time 15
[2025-10-27 21:20:58][INFO] Time 538: Customer 99 arrived, transaction amount -567, service time 1
[2025-10-27 21:20:58][INFO] Time 547: Customer 100 arrived, transaction amount -2697, service time 19
[2025-10-27 21:20:58][INFO] Time 552: Customer 101 arrived, transaction amount -3449, service time 10
[2025-10-27 21:20:58][INFO] Time 556: Customer 102 arrived, transaction amount -3986, service time 19
[2025-10-27 21:20:58][INFO] Time 561: Customer 103 arrived, transaction amount -1664, service time 11
[2025-10-27 21:20:58][INFO] Time 569: Customer 104 arrived, transaction amount 1574, service time 11
[2025-10-27 21:20:58][INFO] Time 573: Customer 105 arrived, transaction amount -4681, service time 1
[2025-10-27 21:20:58][INFO] Time 576: Customer 106 arrived, transaction amount -3663, service time 10
[2025-10-27 21:20:58][INFO] Time 580: Customer 107 arrived, transaction amount -3313, service time 7
[2025-10-27 21:20:58][INFO] Time 581: Customer 108 arrived, transaction amount 1861, service time 2
[2025-10-27 21:20:58][INFO] Time 588: Customer 109 arrived, transaction amount -2581, service time 6
[2025-10-27 21:20:58][INFO] Time 589: Customer 110 arrived, transaction amount -4127, service time 4
[2025-10-27 21:20:58][INFO] Time 592: Customer 111 arrived, transaction amount 4809, service time 9
[2025-10-27 21:20:58][INFO] Time 596: Customer 112 arrived, transaction amount 2804, service time 4
[2025-10-27 21:20:58][INFO] Time 598: Customer 113 arrived, transaction amount 4816, service time 8
[2025-10-27 21:20:58][INFO] ========================
[2025-10-27 21:20:58][INFO] Processing remaining customers
[2025-10-27 21:20:58][INFO] Time 598: Customer 0 left (business ended), total stay time 598
[2025-10-27 21:20:58][INFO] Time 598: Customer 1 left (business ended), total stay time 593
[2025-10-27 21:20:58][INFO] Time 598: Customer 2 left (business ended), total stay time 589
[2025-10-27 21:20:58][INFO] Time 598: Customer 3 left (business ended), total stay time 579
[2025-10-27 21:20:58][INFO] Time 598: Customer 4 left (business ended), total stay time 575
[2025-10-27 21:20:58][INFO] Time 598: Customer 5 left (business ended), total stay time 566
[2025-10-27 21:20:58][INFO] Time 598: Customer 6 left (business ended), total stay time 558
[2025-10-27 21:20:58][INFO] Time 598: Customer 7 left (business ended), total stay time 557
[2025-10-27 21:20:58][INFO] Time 598: Customer 8 left (business ended), total stay time 547
[2025-10-27 21:20:58][INFO] Time 598: Customer 9 left (business ended), total stay time 545
[2025-10-27 21:20:58][INFO] Time 598: Customer 10 left (business ended), total stay time 541
[2025-10-27 21:20:58][INFO] Time 598: Customer 11 left (business ended), total stay time 540
[2025-10-27 21:20:58][INFO] Time 598: Customer 12 left (business ended), total stay time 531
[2025-10-27 21:20:58][INFO] Time 598: Customer 13 left (business ended), total stay time 527
[2025-10-27 21:20:58][INFO] Time 598: Customer 14 left (business ended), total stay time 526
[2025-10-27 21:20:58][INFO] Time 598: Customer 15 left (business ended), total stay time 522
[2025-10-27 21:20:58][INFO] Time 598: Customer 16 left (business ended), total stay time 521
[2025-10-27 21:20:58][INFO] Time 598: Customer 17 left (business ended), total stay time 516
[2025-10-27 21:20:58][INFO] Time 598: Customer 18 left (business ended), total stay time 512
[2025-10-27 21:20:58][INFO] Time 598: Customer 19 left (business ended), total stay time 504
[2025-10-27 21:20:58][INFO] Time 598: Customer 20 left (business ended), total stay time 495
[2025-10-27 21:20:58][INFO] Time 598: Customer 21 left (business ended), total stay time 489
[2025-10-27 21:20:58][INFO] Time 598: Customer 22 left (business ended), total stay time 479
[2025-10-27 21:20:58][INFO] Time 598: Customer 23 left (business ended), total stay time 477
[2025-10-27 21:20:58][INFO] Time 598: Customer 24 left (business ended), total stay time 476
[2025-10-27 21:20:58][INFO] Time 598: Customer 25 left (business ended), total stay time 474
[2025-10-27 21:20:58][INFO] Time 598: Customer 26 left (business ended), total stay time 468
[2025-10-27 21:20:58][INFO] Time 598: Customer 27 left (business ended), total stay time 461
[2025-10-27 21:20:58][INFO] Time 598: Customer 28 left (business ended), total stay time 460
[2025-10-27 21:20:58][INFO] Time 598: Customer 29 left (business ended), total stay time 458
[2025-10-27 21:20:58][INFO] Time 598: Customer 30 left (business ended), total stay time 454
[2025-10-27 21:20:58][INFO] Time 598: Customer 31 left (business ended), total stay time 447
[2025-10-27 21:20:58][INFO] Time 598: Customer 32 left (business ended), total stay time 446
[2025-10-27 21:20:58][INFO] Time 598: Customer 33 left (business ended), total stay time 441
[2025-10-27 21:20:58][INFO] Time 598: Customer 34 left (business ended), total stay time 438
[2025-10-27 21:20:58][INFO] Time 598: Customer 35 left (business ended), total stay time 429
[2025-10-27 21:20:58][INFO] Time 598: Customer 36 left (business ended), total stay time 422
[2025-10-27 21:20:58][INFO] Time 598: Customer 37 left (business ended), total stay time 413
[2025-10-27 21:20:58][INFO] Time 598: Customer 38 left (business ended), total stay time 410
[2025-10-27 21:20:58][INFO] Time 598: Customer 39 left (business ended), total stay time 401
[2025-10-27 21:20:58][INFO] Time 598: Customer 40 left (business ended), total stay time 398
[2025-10-27 21:20:58][INFO] Time 598: Customer 41 left (business ended), total stay time 390
[2025-10-27 21:20:58][INFO] Time 598: Customer 42 left (business ended), total stay time 383
[2025-10-27 21:20:58][INFO] Time 598: Customer 43 left (business ended), total stay time 375
[2025-10-27 21:20:58][INFO] Time 598: Customer 44 left (business ended), total stay time 370
[2025-10-27 21:20:58][INFO] Time 598: Customer 45 left (business ended), total stay time 369
[2025-10-27 21:20:58][INFO] Time 598: Customer 46 left (business ended), total stay time 360
[2025-10-27 21:20:58][INFO] Time 598: Customer 47 left (business ended), total stay time 359
[2025-10-27 21:20:58][INFO] Time 598: Customer 48 left (business ended), total stay time 358
[2025-10-27 21:20:58][INFO] Time 598: Customer 49 left (business ended), total stay time 352
[2025-10-27 21:20:58][INFO] Time 598: Customer 50 left (business ended), total stay time 342
[2025-10-27 21:20:58][INFO] Time 598: Customer 51 left (business ended), total stay time 335
[2025-10-27 21:20:58][INFO] Time 598: Customer 52 left (business ended), total stay time 327
[2025-10-27 21:20:58][INFO] Time 598: Customer 53 left (business ended), total stay time 320
[2025-10-27 21:20:58][INFO] Time 598: Customer 54 left (business ended), total stay time 316
[2025-10-27 21:20:58][INFO] Time 598: Customer 55 left (business ended), total stay time 311
[2025-10-27 21:20:58][INFO] Time 598: Customer 56 left (business ended), total stay time 301
[2025-10-27 21:20:58][INFO] Time 598: Customer 57 left (business ended), total stay time 295
[2025-10-27 21:20:58][INFO] Time 598: Customer 58 left (business ended), total stay time 289
[2025-10-27 21:20:58][INFO] Time 598: Customer 59 left (business ended), total stay time 282
[2025-10-27 21:20:58][INFO] Time 598: Customer 60 left (business ended), total stay time 272
[2025-10-27 21:20:58][INFO] Time 598: Customer 61 left (business ended), total stay time 264
[2025-10-27 21:20:58][INFO] Time 598: Customer 62 left (business ended), total stay time 255
[2025-10-27 21:20:58][INFO] Time 598: Customer 63 left (business ended), total stay time 249
[2025-10-27 21:20:58][INFO] Time 598: Customer 64 left (business ended), total stay time 247
[2025-10-27 21:20:58][INFO] Time 598: Customer 65 left (business ended), total stay time 244
[2025-10-27 21:20:58][INFO] Time 598: Customer 66 left (business ended), total stay time 237
[2025-10-27 21:20:58][INFO] Time 598: Customer 67 left (business ended), total stay time 227
[2025-10-27 21:20:58][INFO] Time 598: Customer 68 left (business ended), total stay time 225
[2025-10-27 21:20:58][INFO] Time 598: Customer 69 left (business ended), total stay time 218
[2025-10-27 21:20:58][INFO] Time 598: Customer 70 left (business ended), total stay time 215
[2025-10-27 21:20:58][INFO] Time 598: Customer 71 left (business ended), total stay time 213
[2025-10-27 21:20:58][INFO] Time 598: Customer 72 left (business ended), total stay time 206
[2025-10-27 21:20:58][INFO] Time 598: Customer 73 left (business ended), total stay time 204
[2025-10-27 21:20:58][INFO] Time 598: Customer 74 left (business ended), total stay time 198
[2025-10-27 21:20:58][INFO] Time 598: Customer 75 left (business ended), total stay time 195
[2025-10-27 21:20:58][INFO] Time 598: Customer 76 left (business ended), total stay time 190
[2025-10-27 21:20:58][INFO] Time 598: Customer 77 left (business ended), total stay time 182
[2025-10-27 21:20:58][INFO] Time 598: Customer 78 left (business ended), total stay time 174
[2025-10-27 21:20:58][INFO] Time 598: Customer 79 left (business ended), total stay time 172
[2025-10-27 21:20:58][INFO] Time 598: Customer 80 left (business ended), total stay time 164
[2025-10-27 21:20:58][INFO] Time 598: Customer 81 left (business ended), total stay time 159
[2025-10-27 21:20:58][INFO] Time 598: Customer 82 left (business ended), total stay time 156
[2025-10-27 21:20:58][INFO] Time 598: Customer 83 left (business ended), total stay time 151
[2025-10-27 21:20:58][INFO] Time 598: Customer 84 left (business ended), total stay time 146
[2025-10-27 21:20:58][INFO] Time 598: Customer 85 left (business ended), total stay time 136
[2025-10-27 21:20:58][INFO] Time 598: Customer 86 left (business ended), total stay time 134
[2025-10-27 21:20:58][INFO] Time 598: Customer 87 left (business ended), total stay time 128
[2025-10-27 21:20:58][INFO] Time 598: Customer 88 left (business ended), total stay time 127
[2025-10-27 21:20:58][INFO] Time 598: Customer 89 left (business ended), total stay time 123
[2025-10-27 21:20:58][INFO] Time 598: Customer 90 left (business ended), total stay time 114
[2025-10-27 21:20:58][INFO] Time 598: Customer 91 left (business ended), total stay time 105
[2025-10-27 21:20:58][INFO] Time 598: Customer 92 left (business ended), total stay time 95
[2025-10-27 21:20:58][INFO] Time 598: Customer 93 left (business ended), total stay time 94
[2025-10-27 21:20:58][INFO] Time 598: Customer 94 left (business ended), total stay time 93
[2025-10-27 21:20:58][INFO] Time 598: Customer 95 left (business ended), total stay time 85
[2025-10-27 21:20:58][INFO] Time 598: Customer 96 left (business ended), total stay time 77
[2025-10-27 21:20:58][INFO] Time 598: Customer 97 left (business ended), total stay time 69
[2025-10-27 21:20:58][INFO] Time 598: Customer 98 left (business ended), total stay time 63
[2025-10-27 21:20:58][INFO] Time 598: Customer 99 left (business ended), total stay time 60
[2025-10-27 21:20:58][INFO] Time 598: Customer 100 left (business ended), total stay time 51
[2025-10-27 21:20:58][INFO] Time 598: Customer 101 left (business ended), total stay time 46
[2025-10-27 21:20:58][INFO] Time 598: Customer 102 left (business ended), total stay time 42
[2025-10-27 21:20:58][INFO] Time 598: Customer 103 left (business ended), total stay time 37
[2025-10-27 21:20:58][INFO] Time 598: Customer 104 left (business ended), total stay time 29
[2025-10-27 21:20:58][INFO] Time 598: Customer 105 left (business ended), total stay time 25
[2025-10-27 21:20:58][INFO] Time 598: Customer 106 left (business ended), total stay time 22
[2025-10-27 21:20:58][INFO] Time 598: Customer 107 left (business ended), total stay time 18
[2025-10-27 21:20:58][INFO] Time 598: Customer 108 left (business ended), total stay time 17
[2025-10-27 21:20:58][INFO] Time 598: Customer 109 left (business ended), total stay time 10
[2025-10-27 21:20:58][INFO] Time 598: Customer 110 left (business ended), total stay time 9
[2025-10-27 21:20:58][INFO] Time 598: Customer 111 left (business ended), total stay time 6
[2025-10-27 21:20:58][INFO] Time 598: Customer 112 left (business ended), total stay time 2
[2025-10-27 21:20:58][INFO] Time 598: Customer 113 left (business ended), total stay time 0
