\BOOKMARK [1][-]{section.1}{\376\377\225\356\230\230\143\317\217\360}{}% 1
\BOOKMARK [2][-]{subsection.1.1}{\376\377\116\032\122\241\211\304\122\031}{section.1}% 2
\BOOKMARK [1][-]{section.2}{\376\377\174\373\176\337\213\276\213\241}{}% 3
\BOOKMARK [2][-]{subsection.2.1}{\376\377\147\266\147\204\213\276\213\241}{section.2}% 4
\BOOKMARK [2][-]{subsection.2.2}{\376\377\145\160\143\156\176\323\147\204\213\276\213\241}{section.2}% 5
\BOOKMARK [3][-]{subsubsection.2.2.1}{\376\377\133\242\142\067\176\323\147\204\117\123}{subsection.2.2}% 6
\BOOKMARK [3][-]{subsubsection.2.2.2}{\376\377\116\213\116\366\176\323\147\204\117\123}{subsection.2.2}% 7
\BOOKMARK [3][-]{subsubsection.2.2.3}{\376\377\226\037\122\027\176\323\147\204\117\123}{subsection.2.2}% 8
\BOOKMARK [3][-]{subsubsection.2.2.4}{\376\377\224\366\210\114\174\373\176\337\176\323\147\204\117\123}{subsection.2.2}% 9
\BOOKMARK [2][-]{subsection.2.3}{\376\377\150\070\137\303\173\227\154\325}{section.2}% 10
\BOOKMARK [3][-]{subsubsection.2.3.1}{\376\377\116\213\116\366\232\161\122\250\152\041\142\337}{subsection.2.3}% 11
\BOOKMARK [3][-]{subsubsection.2.3.2}{\376\377\133\242\142\067\147\015\122\241\155\101\172\013}{subsection.2.3}% 12
\BOOKMARK [3][-]{subsubsection.2.3.3}{\376\377\173\111\137\205\226\037\122\027\131\004\164\006}{subsection.2.3}% 13
\BOOKMARK [1][-]{section.3}{\376\377\174\373\176\337\133\236\163\260}{}% 14
\BOOKMARK [2][-]{subsection.3.1}{\376\377\225\031\213\357\131\004\164\006\147\072\122\066}{section.3}% 15
\BOOKMARK [2][-]{subsection.3.2}{\376\377\145\345\137\327\174\373\176\337}{section.3}% 16
\BOOKMARK [2][-]{subsection.3.3}{\376\377\221\115\177\156\173\241\164\006}{section.3}% 17
\BOOKMARK [2][-]{subsection.3.4}{\376\377\116\073\211\201\122\237\200\375\152\041\127\127}{section.3}% 18
\BOOKMARK [3][-]{subsubsection.3.4.1}{\376\377\226\037\122\027\144\315\117\134}{subsection.3.4}% 19
\BOOKMARK [3][-]{subsubsection.3.4.2}{\376\377\116\213\116\366\173\241\164\006}{subsection.3.4}% 20
\BOOKMARK [3][-]{subsubsection.3.4.3}{\376\377\133\242\142\067\173\241\164\006}{subsection.3.4}% 21
\BOOKMARK [3][-]{subsubsection.3.4.4}{\376\377\174\373\176\337\143\247\122\066}{subsection.3.4}% 22
\BOOKMARK [2][-]{subsection.3.5}{\376\377\121\163\225\056\131\004\164\006\220\073\217\221}{section.3}% 23
\BOOKMARK [3][-]{subsubsection.3.5.1}{\376\377\133\242\142\067\122\060\217\276\131\004\164\006}{subsection.3.5}% 24
\BOOKMARK [3][-]{subsubsection.3.5.2}{\376\377\133\242\142\067\171\273\137\000\131\004\164\006}{subsection.3.5}% 25
\BOOKMARK [3][-]{subsubsection.3.5.3}{\376\377\173\111\137\205\226\037\122\027\131\004\164\006}{subsection.3.5}% 26
\BOOKMARK [1][-]{section.4}{\376\377\155\113\213\325\116\016\122\006\147\220}{}% 27
\BOOKMARK [2][-]{subsection.4.1}{\376\377\155\113\213\325\145\271\150\110}{section.4}% 28
\BOOKMARK [3][-]{subsubsection.4.1.1}{\376\377\155\113\213\325\145\160\143\156\213\276\177\156}{subsection.4.1}% 29
\BOOKMARK [3][-]{subsubsection.4.1.2}{\376\377\147\201\172\357\140\305\121\265\155\113\213\325}{subsection.4.1}% 30
\BOOKMARK [2][-]{subsection.4.2}{\376\377\217\320\210\114\176\323\147\234}{section.4}% 31
\BOOKMARK [3][-]{subsubsection.4.2.1}{\376\377\121\170\127\213\217\320\210\114\176\323\147\234}{subsection.4.2}% 32
\BOOKMARK [2][-]{subsection.4.3}{\376\377\140\047\200\375\122\006\147\220}{section.4}% 33
\BOOKMARK [3][-]{subsubsection.4.3.1}{\376\377\145\366\225\364\131\015\147\102\136\246}{subsection.4.3}% 34
\BOOKMARK [3][-]{subsubsection.4.3.2}{\376\377\172\172\225\364\131\015\147\102\136\246}{subsection.4.3}% 35
\BOOKMARK [1][-]{section.5}{\376\377\140\073\176\323\116\016\117\123\117\032}{}% 36
\BOOKMARK [2][-]{subsection.5.1}{\376\377\174\373\176\337\162\171\160\271}{section.5}% 37
\BOOKMARK [3][-]{subsubsection.5.1.1}{\376\377\117\030\160\271}{subsection.5.1}% 38
\BOOKMARK [3][-]{subsubsection.5.1.2}{\376\377\123\357\200\375\166\204\145\071\217\333}{subsection.5.1}% 39
\BOOKMARK [2][-]{subsection.5.2}{\376\377\145\066\203\267\116\016\117\123\117\032}{section.5}% 40
\BOOKMARK [1][-]{section.6}{\376\377\123\302\200\003\145\207\163\056}{}% 41
\BOOKMARK [1][-]{section.7}{\376\377\226\104\137\125}{}% 42
\BOOKMARK [2][-]{subsection.7.1}{\376\377\156\220\116\343\170\001}{section.7}% 43
\BOOKMARK [3][-]{subsubsection.7.1.1}{\376\377\000b\000a\000n\000k\000\137\000s\000i\000m\000u\000l\000a\000t\000i\000o\000n\000.\000h}{subsection.7.1}% 44
\BOOKMARK [3][-]{subsubsection.7.1.2}{\376\377\000b\000a\000n\000k\000\137\000s\000i\000m\000u\000l\000a\000t\000i\000o\000n\000.\000c}{subsection.7.1}% 45
\BOOKMARK [3][-]{subsubsection.7.1.3}{\376\377\000m\000a\000i\000n\000.\000c}{subsection.7.1}% 46
\BOOKMARK [2][-]{subsection.7.2}{\376\377\000M\000a\000k\000e\000f\000i\000l\000e}{section.7}% 47
